Arguments: 
  C:\Program Files\nodejs\node.exe C:\Users\marco\AppData\Roaming\npm\node_modules\yarn\bin\yarn.js add typorm

PATH: 
  C:\Program Files\Git\cmd;C:\Program Files\nodejs\;C:\Program Files\Docker\Docker\resources\bin;C:\Program Files\NVIDIA Corporation\NVIDIA NvDLISR;C:\Program Files\PostgreSQL\9.5\bin;C:\Program Files\PostgreSQL\9.5\lib;C:\Users\marco\AppData\Local\Programs\Microsoft VS Code\bin;C:\MinGW\bin;C:\Users\marco\AppData\Roaming\npm;C:\Program Files\Docker\Docker\resources\bin;C:\Program Files\PostgreSQL\9.5\lib;C:\Program Files\PostgreSQL\9.5\bin;

Yarn version: 
  1.22.17

Node version: 
  16.14.0

Platform: 
  win32 x64

Trace: 
  Error: https://registry.yarnpkg.com/typorm: Not found
      at Request.params.callback [as _callback] (C:\Users\marco\AppData\Roaming\npm\node_modules\yarn\lib\cli.js:67029:18)
      at Request.self.callback (C:\Users\marco\AppData\Roaming\npm\node_modules\yarn\lib\cli.js:140883:22)
      at Request.emit (node:events:520:28)
      at Request.<anonymous> (C:\Users\marco\AppData\Roaming\npm\node_modules\yarn\lib\cli.js:141855:10)
      at Request.emit (node:events:520:28)
      at IncomingMessage.<anonymous> (C:\Users\marco\AppData\Roaming\npm\node_modules\yarn\lib\cli.js:141777:12)
      at Object.onceWrapper (node:events:639:28)
      at IncomingMessage.emit (node:events:532:35)
      at endReadableNT (node:internal/streams/readable:1346:12)
      at processTicksAndRejections (node:internal/process/task_queues:83:21)

npm manifest: 
  {
    "name": "my_wallet_back",
    "version": "1.0.0",
    "description": "",
    "main": "index.ts",
    "scripts": {
      "test": "echo \"Error: no test specified\" && exit 1",
      "start": "nodemon src/index.ts",
      "typeorm": "node_modules/.bin/typeorm"
    },
    "keywords": [],
    "author": "Marcos Santos",
    "license": "ISC",
    "dependencies": {
      "body-parser": "^1.19.2",
      "dotenv": "^10.0.0",
      "express": "^4.17.1",
      "mongodb": "^3.7.3",
      "multer": "^1.4.4",
      "pg": "^8.7.3",
      "read-excel-file": "^5.2.28",
      "reflect-metadata": "^0.1.13"
    },
    "devDependencies": {
      "@types/express": "^4.17.13",
      "@types/multer": "^1.4.7",
      "@types/node": "^17.0.23",
      "nodemon": "^2.0.15",
      "typescript": "^4.6.3"
    }
  }

yarn manifest: 
  No manifest

Lockfile: 
  # THIS IS AN AUTOGENERATED FILE. DO NOT EDIT THIS FILE DIRECTLY.
  # yarn lockfile v1
  
  
  "@types/node@^17.0.23":
    "integrity" "sha512-UxDxWn7dl97rKVeVS61vErvw086aCYhDLyvRQZ5Rk65rZKepaFdm53GeqXaKBuOhED4e9uWq34IC3TdSdJJ2Gw=="
    "resolved" "https://registry.npmjs.org/@types/node/-/node-17.0.23.tgz"
    "version" "17.0.23"
